<?xml version="1.0" encoding="UTF-8"?>
<!-- Generated by org.testng.reporters.JUnitXMLReporter -->
<testsuite hostname="DESKTOP-A1C45A4" ignored="0" name="LoginTest" tests="4" failures="0" timestamp="2022-06-09T00:47:34 EDT" time="37.857" errors="0">
  <testcase name="validUserShouldBeAbleToLogin" time="7.753" classname="test.LoginTest"/>
  <testcase name="userShouldBeAbleToAddContact" time="7.658" classname="test.AddContactTest"/>
  <testcase name="userShouldBeAbleToSeeCustomerList" time="12.657" classname="test.ListCustomersTest"/>
  <testcase name="validUserShouldBeAbleToAddContactonListCustomer" time="9.761" classname="test.ListCustomersElementTest"/>
</testsuite> <!-- LoginTest -->
