<?xml version="1.0" encoding="UTF-8"?>
<testng-results skipped="0" failed="0" ignored="0" total="4" passed="4">
  <reporter-output>
  </reporter-output>
  <suite name="regression" duration-ms="37857" started-at="2022-06-09T00:46:57 EDT" finished-at="2022-06-09T00:47:34 EDT">
    <groups>
    </groups>
    <test name="LoginTest" duration-ms="37857" started-at="2022-06-09T00:46:57 EDT" finished-at="2022-06-09T00:47:34 EDT">
      <class name="test.LoginTest">
        <test-method status="PASS" signature="validUserShouldBeAbleToLogin(java.lang.String,java.lang.String)[pri:0, instance:test.LoginTest@2833cc44]" name="validUserShouldBeAbleToLogin" duration-ms="7753" started-at="2022-06-09T00:46:57 EDT" finished-at="2022-06-09T00:47:04 EDT">
          <params>
            <param index="0">
              <value>
                <![CDATA[demo@techfios.com]]>
              </value>
            </param>
            <param index="1">
              <value>
                <![CDATA[abc123]]>
              </value>
            </param>
          </params>
          <reporter-output>
          </reporter-output>
        </test-method> <!-- validUserShouldBeAbleToLogin -->
      </class> <!-- test.LoginTest -->
      <class name="test.ListCustomersTest">
        <test-method status="PASS" signature="userShouldBeAbleToSeeCustomerList(java.lang.String,java.lang.String,java.lang.String,java.lang.String,java.lang.String,java.lang.String,java.lang.String,java.lang.String,java.lang.String,java.lang.String,java.lang.String)[pri:0, instance:test.ListCustomersTest@57e1b0c]" name="userShouldBeAbleToSeeCustomerList" duration-ms="12657" started-at="2022-06-09T00:47:12 EDT" finished-at="2022-06-09T00:47:25 EDT">
          <params>
            <param index="0">
              <value>
                <![CDATA[demo@techfios.com]]>
              </value>
            </param>
            <param index="1">
              <value>
                <![CDATA[abc123]]>
              </value>
            </param>
            <param index="2">
              <value>
                <![CDATA[Mark Roy]]>
              </value>
            </param>
            <param index="3">
              <value>
                <![CDATA[Techfios]]>
              </value>
            </param>
            <param index="4">
              <value>
                <![CDATA[abz@gmail.com]]>
              </value>
            </param>
            <param index="5">
              <value>
                <![CDATA[34786]]>
              </value>
            </param>
            <param index="6">
              <value>
                <![CDATA[123 North drive]]>
              </value>
            </param>
            <param index="7">
              <value>
                <![CDATA[GR]]>
              </value>
            </param>
            <param index="8">
              <value>
                <![CDATA[MI]]>
              </value>
            </param>
            <param index="9">
              <value>
                <![CDATA[48525]]>
              </value>
            </param>
            <param index="10">
              <value>
                <![CDATA[United States]]>
              </value>
            </param>
          </params>
          <reporter-output>
          </reporter-output>
        </test-method> <!-- userShouldBeAbleToSeeCustomerList -->
      </class> <!-- test.ListCustomersTest -->
      <class name="test.ListCustomersElementTest">
        <test-method status="PASS" signature="validUserShouldBeAbleToAddContactonListCustomer(java.lang.String,java.lang.String,java.lang.String,java.lang.String,java.lang.String,java.lang.String,java.lang.String,java.lang.String,java.lang.String,java.lang.String,java.lang.String)[pri:0, instance:test.ListCustomersElementTest@4232c52b]" name="validUserShouldBeAbleToAddContactonListCustomer" duration-ms="9761" started-at="2022-06-09T00:47:25 EDT" finished-at="2022-06-09T00:47:34 EDT">
          <params>
            <param index="0">
              <value>
                <![CDATA[demo@techfios.com]]>
              </value>
            </param>
            <param index="1">
              <value>
                <![CDATA[abc123]]>
              </value>
            </param>
            <param index="2">
              <value>
                <![CDATA[Mark Roy]]>
              </value>
            </param>
            <param index="3">
              <value>
                <![CDATA[Techfios]]>
              </value>
            </param>
            <param index="4">
              <value>
                <![CDATA[abz@gmail.com]]>
              </value>
            </param>
            <param index="5">
              <value>
                <![CDATA[34786]]>
              </value>
            </param>
            <param index="6">
              <value>
                <![CDATA[123 North drive]]>
              </value>
            </param>
            <param index="7">
              <value>
                <![CDATA[GR]]>
              </value>
            </param>
            <param index="8">
              <value>
                <![CDATA[MI]]>
              </value>
            </param>
            <param index="9">
              <value>
                <![CDATA[48525]]>
              </value>
            </param>
            <param index="10">
              <value>
                <![CDATA[United States]]>
              </value>
            </param>
          </params>
          <reporter-output>
          </reporter-output>
        </test-method> <!-- validUserShouldBeAbleToAddContactonListCustomer -->
      </class> <!-- test.ListCustomersElementTest -->
      <class name="test.AddContactTest">
        <test-method status="PASS" signature="userShouldBeAbleToAddContact(java.lang.String,java.lang.String,java.lang.String,java.lang.String,java.lang.String,java.lang.String,java.lang.String,java.lang.String,java.lang.String,java.lang.String,java.lang.String)[pri:0, instance:test.AddContactTest@2781e022]" name="userShouldBeAbleToAddContact" duration-ms="7658" started-at="2022-06-09T00:47:04 EDT" finished-at="2022-06-09T00:47:12 EDT">
          <params>
            <param index="0">
              <value>
                <![CDATA[demo@techfios.com]]>
              </value>
            </param>
            <param index="1">
              <value>
                <![CDATA[abc123]]>
              </value>
            </param>
            <param index="2">
              <value>
                <![CDATA[Mark Roy]]>
              </value>
            </param>
            <param index="3">
              <value>
                <![CDATA[Techfios]]>
              </value>
            </param>
            <param index="4">
              <value>
                <![CDATA[abz@gmail.com]]>
              </value>
            </param>
            <param index="5">
              <value>
                <![CDATA[34786]]>
              </value>
            </param>
            <param index="6">
              <value>
                <![CDATA[123 North drive]]>
              </value>
            </param>
            <param index="7">
              <value>
                <![CDATA[GR]]>
              </value>
            </param>
            <param index="8">
              <value>
                <![CDATA[MI]]>
              </value>
            </param>
            <param index="9">
              <value>
                <![CDATA[48525]]>
              </value>
            </param>
            <param index="10">
              <value>
                <![CDATA[United States]]>
              </value>
            </param>
          </params>
          <reporter-output>
          </reporter-output>
        </test-method> <!-- userShouldBeAbleToAddContact -->
      </class> <!-- test.AddContactTest -->
    </test> <!-- LoginTest -->
  </suite> <!-- regression -->
</testng-results>
